<?xml version="1.0" encoding="UTF-8"?>
<!-- Generated by org.testng.reporters.JUnitReportReporter -->
<testsuite hostname="KADITPC062024-1" failures="0" tests="1" name="uploadfile.LoginHrms" time="7.722" errors="0" timestamp="2024-10-03T13:13:30 IST" skipped="0">
  <testcase classname="uploadfile.LoginHrms" name="adminLogin" time="7.722"/>
</testsuite> <!-- uploadfile.LoginHrms -->
