<?xml version="1.0" encoding="UTF-8"?>
<!-- Generated by org.testng.reporters.JUnitReportReporter -->
<testsuite hostname="KADITPC062024-1" failures="0" tests="2" name="sampleutil.DymanicControl" time="10.807" errors="0" timestamp="2024-09-11T15:08:17 IST" skipped="0">
  <testcase classname="sampleutil.DymanicControl" name="disableCheckbox" time="7.492"/>
  <testcase classname="sampleutil.DymanicControl" name="enableCheckbox" time="3.315"/>
</testsuite> <!-- sampleutil.DymanicControl -->
