<?xml version="1.0" encoding="UTF-8"?>
<!-- Generated by org.testng.reporters.JUnitReportReporter -->
<testsuite hostname="KADITPC062024-1" failures="0" tests="3" name="sampleutil.JavaScriptAlert" time="5.378" errors="0" timestamp="2024-09-11T15:08:17 IST" skipped="0">
  <testcase classname="sampleutil.JavaScriptAlert" name="testConfirmAlert" time="0.451"/>
  <testcase classname="sampleutil.JavaScriptAlert" name="testPromptAlert" time="0.414"/>
  <testcase classname="sampleutil.JavaScriptAlert" name="testAlert" time="4.513"/>
</testsuite> <!-- sampleutil.JavaScriptAlert -->
