<?xml version="1.0" encoding="UTF-8"?>
<!-- Generated by org.testng.reporters.JUnitReportReporter -->
<testsuite hostname="KADITPC062024-1" failures="0" tests="5" name="sampleutil.LoginPage" time="32.945" errors="0" timestamp="2024-09-04T15:53:50 IST" skipped="0">
  <testcase classname="sampleutil.LoginPage" name="login" time="7.351"/>
  <testcase classname="sampleutil.LoginPage" name="login" time="6.077"/>
  <testcase classname="sampleutil.LoginPage" name="login" time="6.889"/>
  <testcase classname="sampleutil.LoginPage" name="login" time="6.190"/>
  <testcase classname="sampleutil.LoginPage" name="login" time="6.438"/>
</testsuite> <!-- sampleutil.LoginPage -->
