<?xml version="1.0" encoding="UTF-8"?>
<!-- Generated by org.testng.reporters.JUnitReportReporter -->
<testsuite hostname="KADITPC062024-1" failures="0" tests="1" name="Intro.Delete" time="11.707" errors="0" timestamp="2024-09-03T20:01:25 IST" skipped="0">
  <testcase classname="Intro.Delete" name="deletecart" time="11.707">
    <system-out>
      <![CDATA[Successfully delete from the cart]]>
    </system-out>
  </testcase> <!-- deletecart -->
  <system-out>
    <![CDATA[openBrowser done
Login done
Product added to cart successfully!
Logout done
Successfully close the browser
openBrowser done
Login done
Successfully delete from the cart
Logout done
Successfully close the browser]]>
  </system-out>
</testsuite> <!-- Intro.Delete -->
