<?xml version="1.0" encoding="UTF-8"?>
<!-- Generated by org.testng.reporters.JUnitReportReporter -->
<testsuite hostname="KADITPC062024-1" failures="0" tests="2" name="Intro.AddCart" time="66.350" errors="0" timestamp="2024-09-05T10:41:17 IST" skipped="0">
  <testcase classname="Intro.AddCart" name="addToCart" time="32.540">
    <system-out>
      <![CDATA[Error adding product to cart: Expected condition failed: waiting for element to be clickable: By.linkText: Fastrack Limitless Fs2 Pro Smartwatch DeepBlack (tried for 20 second(s) with 500 milliseconds interval)]]>
    </system-out>
  </testcase> <!-- addToCart -->
  <testcase classname="Intro.AddCart" name="addToCart" time="33.810">
    <system-out>
      <![CDATA[Error adding product to cart: Expected condition failed: waiting for element to be clickable: By.linkText: Awestuffs Vinyl Blackboard Wall Sticker, 200 x 60 cm, Black (Black, XXXL - 60 x 200 cm) (tried for 20 second(s) with 500 milliseconds interval)
Build info: version: '4.24.0', revision: '748ffc9bc3'
System info: os.name: 'Windows 11', os.arch: 'amd64', os.version: '10.0', java.version: '21.0.4'
Driver info: org.openqa.selenium.chrome.ChromeDriver
Capabilities {acceptInsecureCerts: false, browserName: chrome, browserVersion: 128.0.6613.120, chrome: {chromedriverVersion: 128.0.6613.119 (6e439cfca4d..., userDataDir: C:\Users\KADIT\AppData\Loca...}, fedcm:accounts: true, goog:chromeOptions: {debuggerAddress: localhost:53574}, networkConnectionEnabled: false, pageLoadStrategy: normal, platformName: windows, proxy: Proxy(), se:cdp: ws://localhost:53574/devtoo..., se:cdpVersion: 128.0.6613.120, setWindowRect: true, strictFileInteractability: false, timeouts: {implicit: 0, pageLoad: 300000, script: 30000}, unhandledPromptBehavior: dismiss and notify, webauthn:extension:credBlob: true, webauthn:extension:largeBlob: true, webauthn:extension:minPinLength: true, webauthn:extension:prf: true, webauthn:virtualAuthenticators: true}
Session ID: 8c688b4008e79f4617b234084d02bacc]]>
    </system-out>
  </testcase> <!-- addToCart -->
  <system-out>
    <![CDATA[Error adding product to cart: Expected condition failed: waiting for element to be clickable: By.linkText: Fastrack Limitless Fs2 Pro Smartwatch DeepBlack (tried for 20 second(s) with 500 milliseconds interval)
Error adding product to cart: Expected condition failed: waiting for element to be clickable: By.linkText: Awestuffs Vinyl Blackboard Wall Sticker, 200 x 60 cm, Black (Black, XXXL - 60 x 200 cm) (tried for 20 second(s) with 500 milliseconds interval)
Build info: version: '4.24.0', revision: '748ffc9bc3'
System info: os.name: 'Windows 11', os.arch: 'amd64', os.version: '10.0', java.version: '21.0.4'
Driver info: org.openqa.selenium.chrome.ChromeDriver
Capabilities {acceptInsecureCerts: false, browserName: chrome, browserVersion: 128.0.6613.120, chrome: {chromedriverVersion: 128.0.6613.119 (6e439cfca4d..., userDataDir: C:\Users\KADIT\AppData\Loca...}, fedcm:accounts: true, goog:chromeOptions: {debuggerAddress: localhost:53574}, networkConnectionEnabled: false, pageLoadStrategy: normal, platformName: windows, proxy: Proxy(), se:cdp: ws://localhost:53574/devtoo..., se:cdpVersion: 128.0.6613.120, setWindowRect: true, strictFileInteractability: false, timeouts: {implicit: 0, pageLoad: 300000, script: 30000}, unhandledPromptBehavior: dismiss and notify, webauthn:extension:credBlob: true, webauthn:extension:largeBlob: true, webauthn:extension:minPinLength: true, webauthn:extension:prf: true, webauthn:virtualAuthenticators: true}
Session ID: 8c688b4008e79f4617b234084d02bacc
Error adding product to wishlist: Expected condition failed: waiting for element to be clickable: By.linkText: EXOTIC Dualtone Women Sling Bag blue (tried for 20 second(s) with 500 milliseconds interval)
Build info: version: '4.24.0', revision: '748ffc9bc3'
System info: os.name: 'Windows 11', os.arch: 'amd64', os.version: '10.0', java.version: '21.0.4'
Driver info: org.openqa.selenium.chrome.ChromeDriver
Capabilities {acceptInsecureCerts: false, browserName: chrome, browserVersion: 128.0.6613.120, chrome: {chromedriverVersion: 128.0.6613.119 (6e439cfca4d..., userDataDir: C:\Users\KADIT\AppData\Loca...}, fedcm:accounts: true, goog:chromeOptions: {debuggerAddress: localhost:53730}, networkConnectionEnabled: false, pageLoadStrategy: normal, platformName: windows, proxy: Proxy(), se:cdp: ws://localhost:53730/devtoo..., se:cdpVersion: 128.0.6613.120, setWindowRect: true, strictFileInteractability: false, timeouts: {implicit: 0, pageLoad: 300000, script: 30000}, unhandledPromptBehavior: dismiss and notify, webauthn:extension:credBlob: true, webauthn:extension:largeBlob: true, webauthn:extension:minPinLength: true, webauthn:extension:prf: true, webauthn:virtualAuthenticators: true}
Session ID: 84ec5bb19e605554c68ffc748568e2cb]]>
  </system-out>
</testsuite> <!-- Intro.AddCart -->
