<?xml version="1.0" encoding="UTF-8"?>
<!-- Generated by org.testng.reporters.JUnitReportReporter -->
<testsuite hostname="KADITPC062024-1" failures="0" tests="1" name="Intro.Democart" time="14.686" errors="0" timestamp="2024-08-22T18:18:21 IST" skipped="0">
  <testcase classname="Intro.Democart" name="addProductToCart" time="14.686"/>
</testsuite> <!-- Intro.Democart -->
