<?xml version="1.0" encoding="UTF-8"?>
<!-- Generated by org.testng.reporters.JUnitReportReporter -->
<testsuite hostname="KADITPC062024-1" failures="0" tests="2" name="uploadfile.RecruitmentModuleTest" time="18.448" errors="0" timestamp="2024-10-03T13:13:30 IST" skipped="0">
  <testcase classname="uploadfile.RecruitmentModuleTest" name="adminLogin" time="12.469"/>
  <testcase classname="uploadfile.RecruitmentModuleTest" name="verifyApplicationInRecruitmentModule" time="5.979"/>
</testsuite> <!-- uploadfile.RecruitmentModuleTest -->
