<?xml version="1.0" encoding="UTF-8"?>
<!-- Generated by org.testng.reporters.JUnitReportReporter -->
<testsuite hostname="KADITPC062024-1" failures="0" tests="4" name="Intro.DemoLog1" time="11.557" errors="0" timestamp="2024-09-24T17:12:11 IST" skipped="0">
  <testcase classname="Intro.DemoLog1" name="login" time="2.522">
    <system-out>
      <![CDATA[Testing scenario: correctusername
Actual error message: Login was unsuccessful. Please correct the errors and try again.
The credentials provided are incorrect]]>
    </system-out>
  </testcase> <!-- login -->
  <testcase classname="Intro.DemoLog1" name="login" time="2.167">
    <system-out>
      <![CDATA[Testing scenario: bothwrong
Actual error message: Login was unsuccessful. Please correct the errors and try again.
The credentials provided are incorrect]]>
    </system-out>
  </testcase> <!-- login -->
  <testcase classname="Intro.DemoLog1" name="login" time="4.411">
    <system-out>
      <![CDATA[Testing scenario: bothcorrect]]>
    </system-out>
  </testcase> <!-- login -->
  <testcase classname="Intro.DemoLog1" name="login" time="2.457">
    <system-out>
      <![CDATA[Testing scenario: correctpassword
Actual error message: Login was unsuccessful. Please correct the errors and try again.
The credentials provided are incorrect]]>
    </system-out>
  </testcase> <!-- login -->
  <system-out>
    <![CDATA[Testing scenario: bothcorrect
Testing scenario: bothwrong
Actual error message: Login was unsuccessful. Please correct the errors and try again.
The credentials provided are incorrect
Testing scenario: correctusername
Actual error message: Login was unsuccessful. Please correct the errors and try again.
The credentials provided are incorrect
Testing scenario: correctpassword
Actual error message: Login was unsuccessful. Please correct the errors and try again.
The credentials provided are incorrect]]>
  </system-out>
</testsuite> <!-- Intro.DemoLog1 -->
