<?xml version="1.0" encoding="UTF-8"?>
<!-- Generated by org.testng.reporters.JUnitReportReporter -->
<testsuite hostname="KADITPC062024-1" failures="0" tests="4" name="Intro.DemoLog" time="28.532" errors="0" timestamp="2024-09-23T16:24:32 IST" skipped="0">
  <testcase classname="Intro.DemoLog" name="login" time="5.549">
    <system-out>
      <![CDATA[Testing scenario: correctpassword
Actual error message: Login was unsuccessful. Please correct the errors and try again.
The credentials provided are incorrect
Login failed: Login was unsuccessful. Please correct the errors and try again.
The credentials provided are incorrect]]>
    </system-out>
  </testcase> <!-- login -->
  <testcase classname="Intro.DemoLog" name="login" time="11.836">
    <system-out>
      <![CDATA[Testing scenario: bothcorrect
Login successful: Account element is displayed.]]>
    </system-out>
  </testcase> <!-- login -->
  <testcase classname="Intro.DemoLog" name="login" time="5.634">
    <system-out>
      <![CDATA[Testing scenario: bothwrong
Actual error message: Login was unsuccessful. Please correct the errors and try again.
The credentials provided are incorrect
Login failed: Login was unsuccessful. Please correct the errors and try again.
The credentials provided are incorrect]]>
    </system-out>
  </testcase> <!-- login -->
  <testcase classname="Intro.DemoLog" name="login" time="5.513">
    <system-out>
      <![CDATA[Testing scenario: correctusername
Actual error message: Login was unsuccessful. Please correct the errors and try again.
The credentials provided are incorrect
Login failed: Login was unsuccessful. Please correct the errors and try again.
The credentials provided are incorrect]]>
    </system-out>
  </testcase> <!-- login -->
  <system-out>
    <![CDATA[Testing scenario: bothcorrect
Login successful: Account element is displayed.
Testing scenario: bothwrong
Actual error message: Login was unsuccessful. Please correct the errors and try again.
The credentials provided are incorrect
Login failed: Login was unsuccessful. Please correct the errors and try again.
The credentials provided are incorrect
Testing scenario: correctusername
Actual error message: Login was unsuccessful. Please correct the errors and try again.
The credentials provided are incorrect
Login failed: Login was unsuccessful. Please correct the errors and try again.
The credentials provided are incorrect
Testing scenario: correctpassword
Actual error message: Login was unsuccessful. Please correct the errors and try again.
The credentials provided are incorrect
Login failed: Login was unsuccessful. Please correct the errors and try again.
The credentials provided are incorrect]]>
  </system-out>
</testsuite> <!-- Intro.DemoLog -->
