<?xml version="1.0" encoding="UTF-8"?>
<!-- Generated by org.testng.reporters.JUnitReportReporter -->
<testsuite hostname="KADITPC062024-1" failures="0" tests="3" name="Intro.Dummy" time="66.628" errors="0" timestamp="2024-08-21T18:22:17 IST" skipped="0">
  <testcase classname="Intro.Dummy" name="LaunchEURL" time="8.817"/>
  <testcase classname="Intro.Dummy" name="LaunchURL" time="47.131"/>
  <testcase classname="Intro.Dummy" name="LaunchFFURL" time="10.680"/>
</testsuite> <!-- Intro.Dummy -->
